<?xml version="1.0" encoding="UTF-8"?>
<testsuite xmlns:xsi="http://www.w3.org/2001/XMLSchema-instance" xsi:noNamespaceSchemaLocation="https://maven.apache.org/surefire/maven-surefire-plugin/xsd/surefire-test-report-3.0.xsd" version="3.0" name="org.activiti.spring.boot.RuntimeConfigurationTest" time="6.391" tests="2" errors="0" skipped="0" failures="0">
  <properties>
    <property name="awt.toolkit" value="sun.awt.X11.XToolkit"/>
    <property name="java.specification.version" value="11"/>
    <property name="sun.cpu.isalist" value=""/>
    <property name="sun.jnu.encoding" value="UTF-8"/>
    <property name="java.class.path" value="/home/jenkins/agent/workspace/Activiti_Activiti_develop/activiti-core/activiti-spring-boot-starter/target/test-classes:/home/jenkins/agent/workspace/Activiti_Activiti_develop/activiti-core/activiti-spring-boot-starter/target/classes:/home/jenkins/agent/workspace/Activiti_Activiti_develop/activiti-core/activiti-spring-app-process/target/activiti-spring-app-process-7.1.135.jar:/home/jenkins/agent/workspace/Activiti_Activiti_develop/activiti-core-common/activiti-spring-application/target/activiti-spring-application-7.1.135.jar:/root/.mvnrepository/commons-io/commons-io/2.6/commons-io-2.6.jar:/home/jenkins/agent/workspace/Activiti_Activiti_develop/activiti-core-common/activiti-spring-identity/target/activiti-spring-identity-7.1.135.jar:/home/jenkins/agent/workspace/Activiti_Activiti_develop/activiti-core-common/activiti-spring-security/target/activiti-spring-security-7.1.135.jar:/home/jenkins/agent/workspace/Activiti_Activiti_develop/activiti-api/activiti-api-process-model/target/activiti-api-process-model-7.1.135.jar:/home/jenkins/agent/workspace/Activiti_Activiti_develop/activiti-api/activiti-api-process-runtime/target/activiti-api-process-runtime-7.1.135.jar:/home/jenkins/agent/workspace/Activiti_Activiti_develop/activiti-api/activiti-api-process-model-impl/target/activiti-api-process-model-impl-7.1.135.jar:/home/jenkins/agent/workspace/Activiti_Activiti_develop/activiti-api/activiti-api-model-shared-impl/target/activiti-api-model-shared-impl-7.1.135.jar:/root/.mvnrepository/com/fasterxml/jackson/core/jackson-databind/2.9.10.1/jackson-databind-2.9.10.1.jar:/root/.mvnrepository/com/fasterxml/jackson/core/jackson-core/2.9.10/jackson-core-2.9.10.jar:/home/jenkins/agent/workspace/Activiti_Activiti_develop/activiti-api/activiti-api-model-shared/target/activiti-api-model-shared-7.1.135.jar:/home/jenkins/agent/workspace/Activiti_Activiti_develop/activiti-api/activiti-api-runtime-shared/target/activiti-api-runtime-shared-7.1.135.jar:/home/jenkins/agent/workspace/Activiti_Activiti_develop/activiti-core/activiti-spring/target/activiti-spring-7.1.135.jar:/home/jenkins/agent/workspace/Activiti_Activiti_develop/activiti-core/activiti-bpmn-converter/target/activiti-bpmn-converter-7.1.135.jar:/home/jenkins/agent/workspace/Activiti_Activiti_develop/activiti-core/activiti-process-validation/target/activiti-process-validation-7.1.135.jar:/home/jenkins/agent/workspace/Activiti_Activiti_develop/activiti-core-common/activiti-spring-project/target/activiti-spring-project-7.1.135.jar:/root/.mvnrepository/org/springframework/spring-jdbc/5.1.11.RELEASE/spring-jdbc-5.1.11.RELEASE.jar:/root/.mvnrepository/org/springframework/spring-orm/5.1.11.RELEASE/spring-orm-5.1.11.RELEASE.jar:/root/.mvnrepository/org/apache/commons/commons-lang3/3.8.1/commons-lang3-3.8.1.jar:/root/.mvnrepository/javax/el/el-api/2.2.1-b04/el-api-2.2.1-b04.jar:/root/.mvnrepository/org/slf4j/jcl-over-slf4j/1.7.29/jcl-over-slf4j-1.7.29.jar:/home/jenkins/agent/workspace/Activiti_Activiti_develop/activiti-core/activiti-engine/target/activiti-engine-7.1.135.jar:/home/jenkins/agent/workspace/Activiti_Activiti_develop/activiti-core-common/activiti-project-model/target/activiti-project-model-7.1.135.jar:/root/.mvnrepository/org/apache/commons/commons-email/1.5/commons-email-1.5.jar:/root/.mvnrepository/com/sun/mail/javax.mail/1.6.2/javax.mail-1.6.2.jar:/root/.mvnrepository/javax/activation/activation/1.1/activation-1.1.jar:/root/.mvnrepository/org/mybatis/mybatis/3.5.3/mybatis-3.5.3.jar:/root/.mvnrepository/de/odysseus/juel/juel-api/2.2.7/juel-api-2.2.7.jar:/root/.mvnrepository/de/odysseus/juel/juel-impl/2.2.7/juel-impl-2.2.7.jar:/root/.mvnrepository/de/odysseus/juel/juel-spi/2.2.7/juel-spi-2.2.7.jar:/root/.mvnrepository/joda-time/joda-time/2.10.5/joda-time-2.10.5.jar:/home/jenkins/agent/workspace/Activiti_Activiti_develop/activiti-core/activiti-bpmn-model/target/activiti-bpmn-model-7.1.135.jar:/home/jenkins/agent/workspace/Activiti_Activiti_develop/activiti-core/activiti-api-impl/activiti-api-process-runtime-impl/target/activiti-api-process-runtime-impl-7.1.135.jar:/home/jenkins/agent/workspace/Activiti_Activiti_develop/activiti-core-common/activiti-connector-model/target/activiti-connector-model-7.1.135.jar:/home/jenkins/agent/workspace/Activiti_Activiti_develop/activiti-core-common/activiti-spring-connector/target/activiti-spring-connector-7.1.135.jar:/home/jenkins/agent/workspace/Activiti_Activiti_develop/activiti-core/activiti-api-impl/activiti-api-runtime-shared-impl/target/activiti-api-runtime-shared-impl-7.1.135.jar:/home/jenkins/agent/workspace/Activiti_Activiti_develop/activiti-core-common/activiti-spring-security-policies/target/activiti-spring-security-policies-7.1.135.jar:/home/jenkins/agent/workspace/Activiti_Activiti_develop/activiti-core/activiti-api-impl/activiti-api-task-runtime-impl/target/activiti-api-task-runtime-impl-7.1.135.jar:/home/jenkins/agent/workspace/Activiti_Activiti_develop/activiti-api/activiti-api-task-model/target/activiti-api-task-model-7.1.135.jar:/home/jenkins/agent/workspace/Activiti_Activiti_develop/activiti-api/activiti-api-task-runtime/target/activiti-api-task-runtime-7.1.135.jar:/home/jenkins/agent/workspace/Activiti_Activiti_develop/activiti-api/activiti-api-task-model-impl/target/activiti-api-task-model-impl-7.1.135.jar:/home/jenkins/agent/workspace/Activiti_Activiti_develop/activiti-core-common/activiti-common-util/target/activiti-common-util-7.1.135.jar:/home/jenkins/agent/workspace/Activiti_Activiti_develop/activiti-core/activiti-spring-process-extensions/target/activiti-spring-process-extensions-7.1.135.jar:/home/jenkins/agent/workspace/Activiti_Activiti_develop/activiti-core/activiti-spring-resource-loader/target/activiti-spring-resource-loader-7.1.135.jar:/home/jenkins/agent/workspace/Activiti_Activiti_develop/activiti-core-common/activiti-spring-resource-finder/target/activiti-spring-resource-finder-7.1.135.jar:/root/.mvnrepository/org/springframework/spring-context/5.1.11.RELEASE/spring-context-5.1.11.RELEASE.jar:/root/.mvnrepository/org/springframework/spring-aop/5.1.11.RELEASE/spring-aop-5.1.11.RELEASE.jar:/root/.mvnrepository/org/springframework/spring-expression/5.1.11.RELEASE/spring-expression-5.1.11.RELEASE.jar:/root/.mvnrepository/org/springframework/spring-tx/5.1.11.RELEASE/spring-tx-5.1.11.RELEASE.jar:/root/.mvnrepository/org/springframework/spring-beans/5.1.11.RELEASE/spring-beans-5.1.11.RELEASE.jar:/root/.mvnrepository/org/springframework/spring-core/5.1.11.RELEASE/spring-core-5.1.11.RELEASE.jar:/root/.mvnrepository/org/springframework/spring-jcl/5.1.11.RELEASE/spring-jcl-5.1.11.RELEASE.jar:/root/.mvnrepository/org/springframework/boot/spring-boot/2.1.10.RELEASE/spring-boot-2.1.10.RELEASE.jar:/root/.mvnrepository/org/springframework/security/spring-security-core/5.1.7.RELEASE/spring-security-core-5.1.7.RELEASE.jar:/root/.mvnrepository/org/slf4j/slf4j-api/1.7.29/slf4j-api-1.7.29.jar:/root/.mvnrepository/com/fasterxml/uuid/java-uuid-generator/3.2.0/java-uuid-generator-3.2.0.jar:/root/.mvnrepository/com/fasterxml/jackson/core/jackson-annotations/2.9.10/jackson-annotations-2.9.10.jar:/root/.mvnrepository/org/springframework/boot/spring-boot-starter/2.1.10.RELEASE/spring-boot-starter-2.1.10.RELEASE.jar:/root/.mvnrepository/org/springframework/boot/spring-boot-autoconfigure/2.1.10.RELEASE/spring-boot-autoconfigure-2.1.10.RELEASE.jar:/root/.mvnrepository/org/springframework/boot/spring-boot-starter-logging/2.1.10.RELEASE/spring-boot-starter-logging-2.1.10.RELEASE.jar:/root/.mvnrepository/ch/qos/logback/logback-classic/1.2.3/logback-classic-1.2.3.jar:/root/.mvnrepository/ch/qos/logback/logback-core/1.2.3/logback-core-1.2.3.jar:/root/.mvnrepository/org/apache/logging/log4j/log4j-to-slf4j/2.11.2/log4j-to-slf4j-2.11.2.jar:/root/.mvnrepository/org/apache/logging/log4j/log4j-api/2.11.2/log4j-api-2.11.2.jar:/root/.mvnrepository/org/slf4j/jul-to-slf4j/1.7.29/jul-to-slf4j-1.7.29.jar:/root/.mvnrepository/javax/annotation/javax.annotation-api/1.3.2/javax.annotation-api-1.3.2.jar:/root/.mvnrepository/org/yaml/snakeyaml/1.23/snakeyaml-1.23.jar:/root/.mvnrepository/org/springframework/boot/spring-boot-actuator-autoconfigure/2.1.10.RELEASE/spring-boot-actuator-autoconfigure-2.1.10.RELEASE.jar:/root/.mvnrepository/org/springframework/boot/spring-boot-actuator/2.1.10.RELEASE/spring-boot-actuator-2.1.10.RELEASE.jar:/root/.mvnrepository/com/fasterxml/jackson/datatype/jackson-datatype-jsr310/2.9.10/jackson-datatype-jsr310-2.9.10.jar:/root/.mvnrepository/org/codehaus/groovy/groovy/2.5.8/groovy-2.5.8.jar:/root/.mvnrepository/org/springframework/boot/spring-boot-configuration-processor/2.1.10.RELEASE/spring-boot-configuration-processor-2.1.10.RELEASE.jar:/root/.mvnrepository/org/springframework/boot/spring-boot-starter-web/2.1.10.RELEASE/spring-boot-starter-web-2.1.10.RELEASE.jar:/root/.mvnrepository/org/springframework/boot/spring-boot-starter-json/2.1.10.RELEASE/spring-boot-starter-json-2.1.10.RELEASE.jar:/root/.mvnrepository/com/fasterxml/jackson/datatype/jackson-datatype-jdk8/2.9.10/jackson-datatype-jdk8-2.9.10.jar:/root/.mvnrepository/com/fasterxml/jackson/module/jackson-module-parameter-names/2.9.10/jackson-module-parameter-names-2.9.10.jar:/root/.mvnrepository/org/springframework/boot/spring-boot-starter-tomcat/2.1.10.RELEASE/spring-boot-starter-tomcat-2.1.10.RELEASE.jar:/root/.mvnrepository/org/apache/tomcat/embed/tomcat-embed-core/9.0.27/tomcat-embed-core-9.0.27.jar:/root/.mvnrepository/org/apache/tomcat/embed/tomcat-embed-el/9.0.27/tomcat-embed-el-9.0.27.jar:/root/.mvnrepository/org/apache/tomcat/embed/tomcat-embed-websocket/9.0.27/tomcat-embed-websocket-9.0.27.jar:/root/.mvnrepository/org/hibernate/validator/hibernate-validator/6.0.18.Final/hibernate-validator-6.0.18.Final.jar:/root/.mvnrepository/javax/validation/validation-api/2.0.1.Final/validation-api-2.0.1.Final.jar:/root/.mvnrepository/org/jboss/logging/jboss-logging/3.3.3.Final/jboss-logging-3.3.3.Final.jar:/root/.mvnrepository/com/fasterxml/classmate/1.4.0/classmate-1.4.0.jar:/root/.mvnrepository/org/springframework/spring-web/5.1.11.RELEASE/spring-web-5.1.11.RELEASE.jar:/root/.mvnrepository/org/springframework/spring-webmvc/5.1.11.RELEASE/spring-webmvc-5.1.11.RELEASE.jar:/root/.mvnrepository/org/springframework/boot/spring-boot-starter-integration/2.1.10.RELEASE/spring-boot-starter-integration-2.1.10.RELEASE.jar:/root/.mvnrepository/org/springframework/boot/spring-boot-starter-aop/2.1.10.RELEASE/spring-boot-starter-aop-2.1.10.RELEASE.jar:/root/.mvnrepository/org/aspectj/aspectjweaver/1.9.4/aspectjweaver-1.9.4.jar:/root/.mvnrepository/org/springframework/integration/spring-integration-core/5.1.9.RELEASE/spring-integration-core-5.1.9.RELEASE.jar:/root/.mvnrepository/org/springframework/spring-messaging/5.1.11.RELEASE/spring-messaging-5.1.11.RELEASE.jar:/root/.mvnrepository/org/springframework/retry/spring-retry/1.2.4.RELEASE/spring-retry-1.2.4.RELEASE.jar:/root/.mvnrepository/io/projectreactor/reactor-core/3.2.12.RELEASE/reactor-core-3.2.12.RELEASE.jar:/root/.mvnrepository/org/reactivestreams/reactive-streams/1.0.3/reactive-streams-1.0.3.jar:/root/.mvnrepository/org/springframework/boot/spring-boot-starter-security/2.1.10.RELEASE/spring-boot-starter-security-2.1.10.RELEASE.jar:/root/.mvnrepository/org/springframework/security/spring-security-config/5.1.7.RELEASE/spring-security-config-5.1.7.RELEASE.jar:/root/.mvnrepository/org/springframework/security/spring-security-web/5.1.7.RELEASE/spring-security-web-5.1.7.RELEASE.jar:/root/.mvnrepository/junit/junit/4.12/junit-4.12.jar:/root/.mvnrepository/org/hamcrest/hamcrest-core/1.3/hamcrest-core-1.3.jar:/root/.mvnrepository/com/h2database/h2/1.4.200/h2-1.4.200.jar:/root/.mvnrepository/org/springframework/boot/spring-boot-starter-test/2.1.10.RELEASE/spring-boot-starter-test-2.1.10.RELEASE.jar:/root/.mvnrepository/org/springframework/boot/spring-boot-test/2.1.10.RELEASE/spring-boot-test-2.1.10.RELEASE.jar:/root/.mvnrepository/org/springframework/boot/spring-boot-test-autoconfigure/2.1.10.RELEASE/spring-boot-test-autoconfigure-2.1.10.RELEASE.jar:/root/.mvnrepository/com/jayway/jsonpath/json-path/2.4.0/json-path-2.4.0.jar:/root/.mvnrepository/net/minidev/json-smart/2.3/json-smart-2.3.jar:/root/.mvnrepository/net/minidev/accessors-smart/1.2/accessors-smart-1.2.jar:/root/.mvnrepository/org/ow2/asm/asm/5.0.4/asm-5.0.4.jar:/root/.mvnrepository/org/hamcrest/hamcrest-library/1.3/hamcrest-library-1.3.jar:/root/.mvnrepository/org/skyscreamer/jsonassert/1.5.0/jsonassert-1.5.0.jar:/root/.mvnrepository/com/vaadin/external/google/android-json/0.0.20131108.vaadin1/android-json-0.0.20131108.vaadin1.jar:/root/.mvnrepository/org/xmlunit/xmlunit-core/2.6.3/xmlunit-core-2.6.3.jar:/root/.mvnrepository/javax/xml/bind/jaxb-api/2.4.0-b180830.0359/jaxb-api-2.4.0-b180830.0359.jar:/root/.mvnrepository/javax/activation/javax.activation-api/1.2.0/javax.activation-api-1.2.0.jar:/root/.mvnrepository/org/springframework/security/spring-security-test/5.1.7.RELEASE/spring-security-test-5.1.7.RELEASE.jar:/root/.mvnrepository/org/springframework/spring-test/5.1.11.RELEASE/spring-test-5.1.11.RELEASE.jar:/root/.mvnrepository/org/assertj/assertj-core/3.11.1/assertj-core-3.11.1.jar:/root/.mvnrepository/org/mockito/mockito-core/2.23.4/mockito-core-2.23.4.jar:/root/.mvnrepository/net/bytebuddy/byte-buddy/1.9.16/byte-buddy-1.9.16.jar:/root/.mvnrepository/net/bytebuddy/byte-buddy-agent/1.9.16/byte-buddy-agent-1.9.16.jar:/root/.mvnrepository/org/objenesis/objenesis/2.6/objenesis-2.6.jar:/root/.mvnrepository/org/awaitility/awaitility/4.0.1/awaitility-4.0.1.jar:/root/.mvnrepository/org/hamcrest/hamcrest/2.1/hamcrest-2.1.jar:/home/jenkins/agent/workspace/Activiti_Activiti_develop/activiti-core-common/activiti-core-test/activiti-core-test-local-runtime/target/activiti-core-test-local-runtime-7.1.135.jar:/home/jenkins/agent/workspace/Activiti_Activiti_develop/activiti-core-common/activiti-core-test/activiti-core-test-assertions/target/activiti-core-test-assertions-7.1.135.jar:"/>
    <property name="java.vm.vendor" value="Oracle Corporation"/>
    <property name="sun.arch.data.model" value="64"/>
    <property name="java.vendor.url" value="http://java.oracle.com/"/>
    <property name="user.timezone" value=""/>
    <property name="java.vm.specification.version" value="11"/>
    <property name="os.name" value="Linux"/>
    <property name="sun.java.launcher" value="SUN_STANDARD"/>
    <property name="user.country" value="US"/>
    <property name="sun.boot.library.path" value="/usr/java/lib"/>
    <property name="sun.java.command" value="/home/jenkins/agent/workspace/Activiti_Activiti_develop/activiti-core/activiti-spring-boot-starter/target/surefire/surefirebooter18071301350184401716.jar /home/jenkins/agent/workspace/Activiti_Activiti_develop/activiti-core/activiti-spring-boot-starter/target/surefire 2019-12-04T11-42-21_290-jvmRun1 surefire12212018381020506233tmp surefire_164497229405533583739tmp"/>
    <property name="jdk.debug" value="release"/>
    <property name="surefire.test.class.path" value="/home/jenkins/agent/workspace/Activiti_Activiti_develop/activiti-core/activiti-spring-boot-starter/target/test-classes:/home/jenkins/agent/workspace/Activiti_Activiti_develop/activiti-core/activiti-spring-boot-starter/target/classes:/home/jenkins/agent/workspace/Activiti_Activiti_develop/activiti-core/activiti-spring-app-process/target/activiti-spring-app-process-7.1.135.jar:/home/jenkins/agent/workspace/Activiti_Activiti_develop/activiti-core-common/activiti-spring-application/target/activiti-spring-application-7.1.135.jar:/root/.mvnrepository/commons-io/commons-io/2.6/commons-io-2.6.jar:/home/jenkins/agent/workspace/Activiti_Activiti_develop/activiti-core-common/activiti-spring-identity/target/activiti-spring-identity-7.1.135.jar:/home/jenkins/agent/workspace/Activiti_Activiti_develop/activiti-core-common/activiti-spring-security/target/activiti-spring-security-7.1.135.jar:/home/jenkins/agent/workspace/Activiti_Activiti_develop/activiti-api/activiti-api-process-model/target/activiti-api-process-model-7.1.135.jar:/home/jenkins/agent/workspace/Activiti_Activiti_develop/activiti-api/activiti-api-process-runtime/target/activiti-api-process-runtime-7.1.135.jar:/home/jenkins/agent/workspace/Activiti_Activiti_develop/activiti-api/activiti-api-process-model-impl/target/activiti-api-process-model-impl-7.1.135.jar:/home/jenkins/agent/workspace/Activiti_Activiti_develop/activiti-api/activiti-api-model-shared-impl/target/activiti-api-model-shared-impl-7.1.135.jar:/root/.mvnrepository/com/fasterxml/jackson/core/jackson-databind/2.9.10.1/jackson-databind-2.9.10.1.jar:/root/.mvnrepository/com/fasterxml/jackson/core/jackson-core/2.9.10/jackson-core-2.9.10.jar:/home/jenkins/agent/workspace/Activiti_Activiti_develop/activiti-api/activiti-api-model-shared/target/activiti-api-model-shared-7.1.135.jar:/home/jenkins/agent/workspace/Activiti_Activiti_develop/activiti-api/activiti-api-runtime-shared/target/activiti-api-runtime-shared-7.1.135.jar:/home/jenkins/agent/workspace/Activiti_Activiti_develop/activiti-core/activiti-spring/target/activiti-spring-7.1.135.jar:/home/jenkins/agent/workspace/Activiti_Activiti_develop/activiti-core/activiti-bpmn-converter/target/activiti-bpmn-converter-7.1.135.jar:/home/jenkins/agent/workspace/Activiti_Activiti_develop/activiti-core/activiti-process-validation/target/activiti-process-validation-7.1.135.jar:/home/jenkins/agent/workspace/Activiti_Activiti_develop/activiti-core-common/activiti-spring-project/target/activiti-spring-project-7.1.135.jar:/root/.mvnrepository/org/springframework/spring-jdbc/5.1.11.RELEASE/spring-jdbc-5.1.11.RELEASE.jar:/root/.mvnrepository/org/springframework/spring-orm/5.1.11.RELEASE/spring-orm-5.1.11.RELEASE.jar:/root/.mvnrepository/org/apache/commons/commons-lang3/3.8.1/commons-lang3-3.8.1.jar:/root/.mvnrepository/javax/el/el-api/2.2.1-b04/el-api-2.2.1-b04.jar:/root/.mvnrepository/org/slf4j/jcl-over-slf4j/1.7.29/jcl-over-slf4j-1.7.29.jar:/home/jenkins/agent/workspace/Activiti_Activiti_develop/activiti-core/activiti-engine/target/activiti-engine-7.1.135.jar:/home/jenkins/agent/workspace/Activiti_Activiti_develop/activiti-core-common/activiti-project-model/target/activiti-project-model-7.1.135.jar:/root/.mvnrepository/org/apache/commons/commons-email/1.5/commons-email-1.5.jar:/root/.mvnrepository/com/sun/mail/javax.mail/1.6.2/javax.mail-1.6.2.jar:/root/.mvnrepository/javax/activation/activation/1.1/activation-1.1.jar:/root/.mvnrepository/org/mybatis/mybatis/3.5.3/mybatis-3.5.3.jar:/root/.mvnrepository/de/odysseus/juel/juel-api/2.2.7/juel-api-2.2.7.jar:/root/.mvnrepository/de/odysseus/juel/juel-impl/2.2.7/juel-impl-2.2.7.jar:/root/.mvnrepository/de/odysseus/juel/juel-spi/2.2.7/juel-spi-2.2.7.jar:/root/.mvnrepository/joda-time/joda-time/2.10.5/joda-time-2.10.5.jar:/home/jenkins/agent/workspace/Activiti_Activiti_develop/activiti-core/activiti-bpmn-model/target/activiti-bpmn-model-7.1.135.jar:/home/jenkins/agent/workspace/Activiti_Activiti_develop/activiti-core/activiti-api-impl/activiti-api-process-runtime-impl/target/activiti-api-process-runtime-impl-7.1.135.jar:/home/jenkins/agent/workspace/Activiti_Activiti_develop/activiti-core-common/activiti-connector-model/target/activiti-connector-model-7.1.135.jar:/home/jenkins/agent/workspace/Activiti_Activiti_develop/activiti-core-common/activiti-spring-connector/target/activiti-spring-connector-7.1.135.jar:/home/jenkins/agent/workspace/Activiti_Activiti_develop/activiti-core/activiti-api-impl/activiti-api-runtime-shared-impl/target/activiti-api-runtime-shared-impl-7.1.135.jar:/home/jenkins/agent/workspace/Activiti_Activiti_develop/activiti-core-common/activiti-spring-security-policies/target/activiti-spring-security-policies-7.1.135.jar:/home/jenkins/agent/workspace/Activiti_Activiti_develop/activiti-core/activiti-api-impl/activiti-api-task-runtime-impl/target/activiti-api-task-runtime-impl-7.1.135.jar:/home/jenkins/agent/workspace/Activiti_Activiti_develop/activiti-api/activiti-api-task-model/target/activiti-api-task-model-7.1.135.jar:/home/jenkins/agent/workspace/Activiti_Activiti_develop/activiti-api/activiti-api-task-runtime/target/activiti-api-task-runtime-7.1.135.jar:/home/jenkins/agent/workspace/Activiti_Activiti_develop/activiti-api/activiti-api-task-model-impl/target/activiti-api-task-model-impl-7.1.135.jar:/home/jenkins/agent/workspace/Activiti_Activiti_develop/activiti-core-common/activiti-common-util/target/activiti-common-util-7.1.135.jar:/home/jenkins/agent/workspace/Activiti_Activiti_develop/activiti-core/activiti-spring-process-extensions/target/activiti-spring-process-extensions-7.1.135.jar:/home/jenkins/agent/workspace/Activiti_Activiti_develop/activiti-core/activiti-spring-resource-loader/target/activiti-spring-resource-loader-7.1.135.jar:/home/jenkins/agent/workspace/Activiti_Activiti_develop/activiti-core-common/activiti-spring-resource-finder/target/activiti-spring-resource-finder-7.1.135.jar:/root/.mvnrepository/org/springframework/spring-context/5.1.11.RELEASE/spring-context-5.1.11.RELEASE.jar:/root/.mvnrepository/org/springframework/spring-aop/5.1.11.RELEASE/spring-aop-5.1.11.RELEASE.jar:/root/.mvnrepository/org/springframework/spring-expression/5.1.11.RELEASE/spring-expression-5.1.11.RELEASE.jar:/root/.mvnrepository/org/springframework/spring-tx/5.1.11.RELEASE/spring-tx-5.1.11.RELEASE.jar:/root/.mvnrepository/org/springframework/spring-beans/5.1.11.RELEASE/spring-beans-5.1.11.RELEASE.jar:/root/.mvnrepository/org/springframework/spring-core/5.1.11.RELEASE/spring-core-5.1.11.RELEASE.jar:/root/.mvnrepository/org/springframework/spring-jcl/5.1.11.RELEASE/spring-jcl-5.1.11.RELEASE.jar:/root/.mvnrepository/org/springframework/boot/spring-boot/2.1.10.RELEASE/spring-boot-2.1.10.RELEASE.jar:/root/.mvnrepository/org/springframework/security/spring-security-core/5.1.7.RELEASE/spring-security-core-5.1.7.RELEASE.jar:/root/.mvnrepository/org/slf4j/slf4j-api/1.7.29/slf4j-api-1.7.29.jar:/root/.mvnrepository/com/fasterxml/uuid/java-uuid-generator/3.2.0/java-uuid-generator-3.2.0.jar:/root/.mvnrepository/com/fasterxml/jackson/core/jackson-annotations/2.9.10/jackson-annotations-2.9.10.jar:/root/.mvnrepository/org/springframework/boot/spring-boot-starter/2.1.10.RELEASE/spring-boot-starter-2.1.10.RELEASE.jar:/root/.mvnrepository/org/springframework/boot/spring-boot-autoconfigure/2.1.10.RELEASE/spring-boot-autoconfigure-2.1.10.RELEASE.jar:/root/.mvnrepository/org/springframework/boot/spring-boot-starter-logging/2.1.10.RELEASE/spring-boot-starter-logging-2.1.10.RELEASE.jar:/root/.mvnrepository/ch/qos/logback/logback-classic/1.2.3/logback-classic-1.2.3.jar:/root/.mvnrepository/ch/qos/logback/logback-core/1.2.3/logback-core-1.2.3.jar:/root/.mvnrepository/org/apache/logging/log4j/log4j-to-slf4j/2.11.2/log4j-to-slf4j-2.11.2.jar:/root/.mvnrepository/org/apache/logging/log4j/log4j-api/2.11.2/log4j-api-2.11.2.jar:/root/.mvnrepository/org/slf4j/jul-to-slf4j/1.7.29/jul-to-slf4j-1.7.29.jar:/root/.mvnrepository/javax/annotation/javax.annotation-api/1.3.2/javax.annotation-api-1.3.2.jar:/root/.mvnrepository/org/yaml/snakeyaml/1.23/snakeyaml-1.23.jar:/root/.mvnrepository/org/springframework/boot/spring-boot-actuator-autoconfigure/2.1.10.RELEASE/spring-boot-actuator-autoconfigure-2.1.10.RELEASE.jar:/root/.mvnrepository/org/springframework/boot/spring-boot-actuator/2.1.10.RELEASE/spring-boot-actuator-2.1.10.RELEASE.jar:/root/.mvnrepository/com/fasterxml/jackson/datatype/jackson-datatype-jsr310/2.9.10/jackson-datatype-jsr310-2.9.10.jar:/root/.mvnrepository/org/codehaus/groovy/groovy/2.5.8/groovy-2.5.8.jar:/root/.mvnrepository/org/springframework/boot/spring-boot-configuration-processor/2.1.10.RELEASE/spring-boot-configuration-processor-2.1.10.RELEASE.jar:/root/.mvnrepository/org/springframework/boot/spring-boot-starter-web/2.1.10.RELEASE/spring-boot-starter-web-2.1.10.RELEASE.jar:/root/.mvnrepository/org/springframework/boot/spring-boot-starter-json/2.1.10.RELEASE/spring-boot-starter-json-2.1.10.RELEASE.jar:/root/.mvnrepository/com/fasterxml/jackson/datatype/jackson-datatype-jdk8/2.9.10/jackson-datatype-jdk8-2.9.10.jar:/root/.mvnrepository/com/fasterxml/jackson/module/jackson-module-parameter-names/2.9.10/jackson-module-parameter-names-2.9.10.jar:/root/.mvnrepository/org/springframework/boot/spring-boot-starter-tomcat/2.1.10.RELEASE/spring-boot-starter-tomcat-2.1.10.RELEASE.jar:/root/.mvnrepository/org/apache/tomcat/embed/tomcat-embed-core/9.0.27/tomcat-embed-core-9.0.27.jar:/root/.mvnrepository/org/apache/tomcat/embed/tomcat-embed-el/9.0.27/tomcat-embed-el-9.0.27.jar:/root/.mvnrepository/org/apache/tomcat/embed/tomcat-embed-websocket/9.0.27/tomcat-embed-websocket-9.0.27.jar:/root/.mvnrepository/org/hibernate/validator/hibernate-validator/6.0.18.Final/hibernate-validator-6.0.18.Final.jar:/root/.mvnrepository/javax/validation/validation-api/2.0.1.Final/validation-api-2.0.1.Final.jar:/root/.mvnrepository/org/jboss/logging/jboss-logging/3.3.3.Final/jboss-logging-3.3.3.Final.jar:/root/.mvnrepository/com/fasterxml/classmate/1.4.0/classmate-1.4.0.jar:/root/.mvnrepository/org/springframework/spring-web/5.1.11.RELEASE/spring-web-5.1.11.RELEASE.jar:/root/.mvnrepository/org/springframework/spring-webmvc/5.1.11.RELEASE/spring-webmvc-5.1.11.RELEASE.jar:/root/.mvnrepository/org/springframework/boot/spring-boot-starter-integration/2.1.10.RELEASE/spring-boot-starter-integration-2.1.10.RELEASE.jar:/root/.mvnrepository/org/springframework/boot/spring-boot-starter-aop/2.1.10.RELEASE/spring-boot-starter-aop-2.1.10.RELEASE.jar:/root/.mvnrepository/org/aspectj/aspectjweaver/1.9.4/aspectjweaver-1.9.4.jar:/root/.mvnrepository/org/springframework/integration/spring-integration-core/5.1.9.RELEASE/spring-integration-core-5.1.9.RELEASE.jar:/root/.mvnrepository/org/springframework/spring-messaging/5.1.11.RELEASE/spring-messaging-5.1.11.RELEASE.jar:/root/.mvnrepository/org/springframework/retry/spring-retry/1.2.4.RELEASE/spring-retry-1.2.4.RELEASE.jar:/root/.mvnrepository/io/projectreactor/reactor-core/3.2.12.RELEASE/reactor-core-3.2.12.RELEASE.jar:/root/.mvnrepository/org/reactivestreams/reactive-streams/1.0.3/reactive-streams-1.0.3.jar:/root/.mvnrepository/org/springframework/boot/spring-boot-starter-security/2.1.10.RELEASE/spring-boot-starter-security-2.1.10.RELEASE.jar:/root/.mvnrepository/org/springframework/security/spring-security-config/5.1.7.RELEASE/spring-security-config-5.1.7.RELEASE.jar:/root/.mvnrepository/org/springframework/security/spring-security-web/5.1.7.RELEASE/spring-security-web-5.1.7.RELEASE.jar:/root/.mvnrepository/junit/junit/4.12/junit-4.12.jar:/root/.mvnrepository/org/hamcrest/hamcrest-core/1.3/hamcrest-core-1.3.jar:/root/.mvnrepository/com/h2database/h2/1.4.200/h2-1.4.200.jar:/root/.mvnrepository/org/springframework/boot/spring-boot-starter-test/2.1.10.RELEASE/spring-boot-starter-test-2.1.10.RELEASE.jar:/root/.mvnrepository/org/springframework/boot/spring-boot-test/2.1.10.RELEASE/spring-boot-test-2.1.10.RELEASE.jar:/root/.mvnrepository/org/springframework/boot/spring-boot-test-autoconfigure/2.1.10.RELEASE/spring-boot-test-autoconfigure-2.1.10.RELEASE.jar:/root/.mvnrepository/com/jayway/jsonpath/json-path/2.4.0/json-path-2.4.0.jar:/root/.mvnrepository/net/minidev/json-smart/2.3/json-smart-2.3.jar:/root/.mvnrepository/net/minidev/accessors-smart/1.2/accessors-smart-1.2.jar:/root/.mvnrepository/org/ow2/asm/asm/5.0.4/asm-5.0.4.jar:/root/.mvnrepository/org/hamcrest/hamcrest-library/1.3/hamcrest-library-1.3.jar:/root/.mvnrepository/org/skyscreamer/jsonassert/1.5.0/jsonassert-1.5.0.jar:/root/.mvnrepository/com/vaadin/external/google/android-json/0.0.20131108.vaadin1/android-json-0.0.20131108.vaadin1.jar:/root/.mvnrepository/org/xmlunit/xmlunit-core/2.6.3/xmlunit-core-2.6.3.jar:/root/.mvnrepository/javax/xml/bind/jaxb-api/2.4.0-b180830.0359/jaxb-api-2.4.0-b180830.0359.jar:/root/.mvnrepository/javax/activation/javax.activation-api/1.2.0/javax.activation-api-1.2.0.jar:/root/.mvnrepository/org/springframework/security/spring-security-test/5.1.7.RELEASE/spring-security-test-5.1.7.RELEASE.jar:/root/.mvnrepository/org/springframework/spring-test/5.1.11.RELEASE/spring-test-5.1.11.RELEASE.jar:/root/.mvnrepository/org/assertj/assertj-core/3.11.1/assertj-core-3.11.1.jar:/root/.mvnrepository/org/mockito/mockito-core/2.23.4/mockito-core-2.23.4.jar:/root/.mvnrepository/net/bytebuddy/byte-buddy/1.9.16/byte-buddy-1.9.16.jar:/root/.mvnrepository/net/bytebuddy/byte-buddy-agent/1.9.16/byte-buddy-agent-1.9.16.jar:/root/.mvnrepository/org/objenesis/objenesis/2.6/objenesis-2.6.jar:/root/.mvnrepository/org/awaitility/awaitility/4.0.1/awaitility-4.0.1.jar:/root/.mvnrepository/org/hamcrest/hamcrest/2.1/hamcrest-2.1.jar:/home/jenkins/agent/workspace/Activiti_Activiti_develop/activiti-core-common/activiti-core-test/activiti-core-test-local-runtime/target/activiti-core-test-local-runtime-7.1.135.jar:/home/jenkins/agent/workspace/Activiti_Activiti_develop/activiti-core-common/activiti-core-test/activiti-core-test-assertions/target/activiti-core-test-assertions-7.1.135.jar:"/>
    <property name="sun.cpu.endian" value="little"/>
    <property name="user.home" value="/root"/>
    <property name="user.language" value="en"/>
    <property name="java.specification.vendor" value="Oracle Corporation"/>
    <property name="java.version.date" value="2019-01-15"/>
    <property name="java.home" value="/usr/java"/>
    <property name="file.separator" value="/"/>
    <property name="basedir" value="/home/jenkins/agent/workspace/Activiti_Activiti_develop/activiti-core/activiti-spring-boot-starter"/>
    <property name="java.vm.compressedOopsMode" value="32-bit"/>
    <property name="line.separator" value="&#10;"/>
    <property name="java.specification.name" value="Java Platform API Specification"/>
    <property name="java.vm.specification.vendor" value="Oracle Corporation"/>
    <property name="java.awt.graphicsenv" value="sun.awt.X11GraphicsEnvironment"/>
    <property name="surefire.real.class.path" value="/home/jenkins/agent/workspace/Activiti_Activiti_develop/activiti-core/activiti-spring-boot-starter/target/surefire/surefirebooter18071301350184401716.jar"/>
    <property name="sun.management.compiler" value="HotSpot 64-Bit Tiered Compilers"/>
    <property name="java.runtime.version" value="11.0.2+9"/>
    <property name="user.name" value="root"/>
    <property name="path.separator" value=":"/>
    <property name="os.version" value="4.4.111+"/>
    <property name="java.runtime.name" value="OpenJDK Runtime Environment"/>
    <property name="file.encoding" value="UTF-8"/>
    <property name="sun.zip.disableMemoryMapping" value="true"/>
    <property name="java.vm.name" value="OpenJDK 64-Bit Server VM"/>
    <property name="java.vendor.version" value="18.9"/>
    <property name="localRepository" value="/root/.mvnrepository"/>
    <property name="java.vendor.url.bug" value="http://bugreport.java.com/bugreport/"/>
    <property name="java.io.tmpdir" value="/tmp"/>
    <property name="java.version" value="11.0.2"/>
    <property name="user.dir" value="/home/jenkins/agent/workspace/Activiti_Activiti_develop/activiti-core/activiti-spring-boot-starter"/>
    <property name="os.arch" value="amd64"/>
    <property name="java.vm.specification.name" value="Java Virtual Machine Specification"/>
    <property name="java.awt.printerjob" value="sun.print.PSPrinterJob"/>
    <property name="sun.os.patch.level" value="unknown"/>
    <property name="java.library.path" value="/usr/java/packages/lib:/usr/lib64:/lib64:/lib:/usr/lib"/>
    <property name="java.vendor" value="Oracle Corporation"/>
    <property name="java.vm.info" value="mixed mode"/>
    <property name="java.vm.version" value="11.0.2+9"/>
    <property name="sun.io.unicode.encoding" value="UnicodeLittle"/>
    <property name="java.class.version" value="55.0"/>
  </properties>
  <testcase name="validatingConfigurationForUser" classname="org.activiti.spring.boot.RuntimeConfigurationTest" time="0.044"/>
  <testcase name="validatingConfigurationForAdmin" classname="org.activiti.spring.boot.RuntimeConfigurationTest" time="0.014"/>
</testsuite>