<?xml version="1.0" encoding="UTF-8"?>
<testsuite xmlns:xsi="http://www.w3.org/2001/XMLSchema-instance" xsi:noNamespaceSchemaLocation="https://maven.apache.org/surefire/maven-surefire-plugin/xsd/surefire-test-report-3.0.xsd" version="3.0" name="org.activiti.core.common.spring.security.test.AuthenticationPrincipalIdentityProviderTest" time="0" tests="1" errors="0" skipped="0" failures="0">
  <properties>
    <property name="awt.toolkit" value="sun.awt.X11.XToolkit"/>
    <property name="java.specification.version" value="11"/>
    <property name="sun.cpu.isalist" value=""/>
    <property name="sun.jnu.encoding" value="UTF-8"/>
    <property name="java.class.path" value="/home/jenkins/agent/workspace/Activiti_Activiti_develop/activiti-core-common/activiti-spring-security/target/test-classes:/home/jenkins/agent/workspace/Activiti_Activiti_develop/activiti-core-common/activiti-spring-security/target/classes:/home/jenkins/agent/workspace/Activiti_Activiti_develop/activiti-api/activiti-api-runtime-shared/target/activiti-api-runtime-shared-7.1.135.jar:/home/jenkins/agent/workspace/Activiti_Activiti_develop/activiti-api/activiti-api-model-shared/target/activiti-api-model-shared-7.1.135.jar:/root/.mvnrepository/org/springframework/spring-beans/5.1.11.RELEASE/spring-beans-5.1.11.RELEASE.jar:/root/.mvnrepository/org/springframework/spring-core/5.1.11.RELEASE/spring-core-5.1.11.RELEASE.jar:/root/.mvnrepository/org/springframework/spring-jcl/5.1.11.RELEASE/spring-jcl-5.1.11.RELEASE.jar:/root/.mvnrepository/org/springframework/spring-context/5.1.11.RELEASE/spring-context-5.1.11.RELEASE.jar:/root/.mvnrepository/org/springframework/spring-aop/5.1.11.RELEASE/spring-aop-5.1.11.RELEASE.jar:/root/.mvnrepository/org/springframework/spring-expression/5.1.11.RELEASE/spring-expression-5.1.11.RELEASE.jar:/root/.mvnrepository/org/springframework/security/spring-security-core/5.1.7.RELEASE/spring-security-core-5.1.7.RELEASE.jar:/root/.mvnrepository/javax/servlet/javax.servlet-api/4.0.1/javax.servlet-api-4.0.1.jar:/root/.mvnrepository/org/springframework/boot/spring-boot-autoconfigure/2.1.10.RELEASE/spring-boot-autoconfigure-2.1.10.RELEASE.jar:/root/.mvnrepository/org/springframework/boot/spring-boot/2.1.10.RELEASE/spring-boot-2.1.10.RELEASE.jar:/home/jenkins/agent/workspace/Activiti_Activiti_develop/activiti-core-common/activiti-spring-identity/target/activiti-spring-identity-7.1.135.jar:/root/.mvnrepository/junit/junit/4.12/junit-4.12.jar:/root/.mvnrepository/org/hamcrest/hamcrest-core/1.3/hamcrest-core-1.3.jar:/root/.mvnrepository/org/springframework/security/spring-security-test/5.1.7.RELEASE/spring-security-test-5.1.7.RELEASE.jar:/root/.mvnrepository/org/springframework/security/spring-security-web/5.1.7.RELEASE/spring-security-web-5.1.7.RELEASE.jar:/root/.mvnrepository/org/springframework/spring-web/5.1.11.RELEASE/spring-web-5.1.11.RELEASE.jar:/root/.mvnrepository/org/springframework/spring-test/5.1.11.RELEASE/spring-test-5.1.11.RELEASE.jar:/root/.mvnrepository/org/springframework/boot/spring-boot-starter-test/2.1.10.RELEASE/spring-boot-starter-test-2.1.10.RELEASE.jar:/root/.mvnrepository/org/springframework/boot/spring-boot-starter/2.1.10.RELEASE/spring-boot-starter-2.1.10.RELEASE.jar:/root/.mvnrepository/org/springframework/boot/spring-boot-starter-logging/2.1.10.RELEASE/spring-boot-starter-logging-2.1.10.RELEASE.jar:/root/.mvnrepository/ch/qos/logback/logback-classic/1.2.3/logback-classic-1.2.3.jar:/root/.mvnrepository/ch/qos/logback/logback-core/1.2.3/logback-core-1.2.3.jar:/root/.mvnrepository/org/apache/logging/log4j/log4j-to-slf4j/2.11.2/log4j-to-slf4j-2.11.2.jar:/root/.mvnrepository/org/apache/logging/log4j/log4j-api/2.11.2/log4j-api-2.11.2.jar:/root/.mvnrepository/org/slf4j/jul-to-slf4j/1.7.29/jul-to-slf4j-1.7.29.jar:/root/.mvnrepository/javax/annotation/javax.annotation-api/1.3.2/javax.annotation-api-1.3.2.jar:/root/.mvnrepository/org/yaml/snakeyaml/1.23/snakeyaml-1.23.jar:/root/.mvnrepository/org/springframework/boot/spring-boot-test/2.1.10.RELEASE/spring-boot-test-2.1.10.RELEASE.jar:/root/.mvnrepository/org/springframework/boot/spring-boot-test-autoconfigure/2.1.10.RELEASE/spring-boot-test-autoconfigure-2.1.10.RELEASE.jar:/root/.mvnrepository/com/jayway/jsonpath/json-path/2.4.0/json-path-2.4.0.jar:/root/.mvnrepository/net/minidev/json-smart/2.3/json-smart-2.3.jar:/root/.mvnrepository/net/minidev/accessors-smart/1.2/accessors-smart-1.2.jar:/root/.mvnrepository/org/ow2/asm/asm/5.0.4/asm-5.0.4.jar:/root/.mvnrepository/org/slf4j/slf4j-api/1.7.29/slf4j-api-1.7.29.jar:/root/.mvnrepository/org/mockito/mockito-core/2.23.4/mockito-core-2.23.4.jar:/root/.mvnrepository/net/bytebuddy/byte-buddy/1.9.16/byte-buddy-1.9.16.jar:/root/.mvnrepository/net/bytebuddy/byte-buddy-agent/1.9.16/byte-buddy-agent-1.9.16.jar:/root/.mvnrepository/org/objenesis/objenesis/2.6/objenesis-2.6.jar:/root/.mvnrepository/org/hamcrest/hamcrest-library/1.3/hamcrest-library-1.3.jar:/root/.mvnrepository/org/skyscreamer/jsonassert/1.5.0/jsonassert-1.5.0.jar:/root/.mvnrepository/com/vaadin/external/google/android-json/0.0.20131108.vaadin1/android-json-0.0.20131108.vaadin1.jar:/root/.mvnrepository/org/xmlunit/xmlunit-core/2.6.3/xmlunit-core-2.6.3.jar:/root/.mvnrepository/javax/xml/bind/jaxb-api/2.3.1/jaxb-api-2.3.1.jar:/root/.mvnrepository/javax/activation/javax.activation-api/1.2.0/javax.activation-api-1.2.0.jar:/root/.mvnrepository/org/assertj/assertj-core/3.11.1/assertj-core-3.11.1.jar:"/>
    <property name="java.vm.vendor" value="Oracle Corporation"/>
    <property name="sun.arch.data.model" value="64"/>
    <property name="java.vendor.url" value="http://java.oracle.com/"/>
    <property name="user.timezone" value=""/>
    <property name="java.vm.specification.version" value="11"/>
    <property name="os.name" value="Linux"/>
    <property name="sun.java.launcher" value="SUN_STANDARD"/>
    <property name="user.country" value="US"/>
    <property name="sun.boot.library.path" value="/usr/java/lib"/>
    <property name="sun.java.command" value="/home/jenkins/agent/workspace/Activiti_Activiti_develop/activiti-core-common/activiti-spring-security/target/surefire/surefirebooter15186673227614581156.jar /home/jenkins/agent/workspace/Activiti_Activiti_develop/activiti-core-common/activiti-spring-security/target/surefire 2019-12-04T11-42-21_290-jvmRun1 surefire4643115544258633398tmp surefire_012795726257398282934tmp"/>
    <property name="jdk.debug" value="release"/>
    <property name="surefire.test.class.path" value="/home/jenkins/agent/workspace/Activiti_Activiti_develop/activiti-core-common/activiti-spring-security/target/test-classes:/home/jenkins/agent/workspace/Activiti_Activiti_develop/activiti-core-common/activiti-spring-security/target/classes:/home/jenkins/agent/workspace/Activiti_Activiti_develop/activiti-api/activiti-api-runtime-shared/target/activiti-api-runtime-shared-7.1.135.jar:/home/jenkins/agent/workspace/Activiti_Activiti_develop/activiti-api/activiti-api-model-shared/target/activiti-api-model-shared-7.1.135.jar:/root/.mvnrepository/org/springframework/spring-beans/5.1.11.RELEASE/spring-beans-5.1.11.RELEASE.jar:/root/.mvnrepository/org/springframework/spring-core/5.1.11.RELEASE/spring-core-5.1.11.RELEASE.jar:/root/.mvnrepository/org/springframework/spring-jcl/5.1.11.RELEASE/spring-jcl-5.1.11.RELEASE.jar:/root/.mvnrepository/org/springframework/spring-context/5.1.11.RELEASE/spring-context-5.1.11.RELEASE.jar:/root/.mvnrepository/org/springframework/spring-aop/5.1.11.RELEASE/spring-aop-5.1.11.RELEASE.jar:/root/.mvnrepository/org/springframework/spring-expression/5.1.11.RELEASE/spring-expression-5.1.11.RELEASE.jar:/root/.mvnrepository/org/springframework/security/spring-security-core/5.1.7.RELEASE/spring-security-core-5.1.7.RELEASE.jar:/root/.mvnrepository/javax/servlet/javax.servlet-api/4.0.1/javax.servlet-api-4.0.1.jar:/root/.mvnrepository/org/springframework/boot/spring-boot-autoconfigure/2.1.10.RELEASE/spring-boot-autoconfigure-2.1.10.RELEASE.jar:/root/.mvnrepository/org/springframework/boot/spring-boot/2.1.10.RELEASE/spring-boot-2.1.10.RELEASE.jar:/home/jenkins/agent/workspace/Activiti_Activiti_develop/activiti-core-common/activiti-spring-identity/target/activiti-spring-identity-7.1.135.jar:/root/.mvnrepository/junit/junit/4.12/junit-4.12.jar:/root/.mvnrepository/org/hamcrest/hamcrest-core/1.3/hamcrest-core-1.3.jar:/root/.mvnrepository/org/springframework/security/spring-security-test/5.1.7.RELEASE/spring-security-test-5.1.7.RELEASE.jar:/root/.mvnrepository/org/springframework/security/spring-security-web/5.1.7.RELEASE/spring-security-web-5.1.7.RELEASE.jar:/root/.mvnrepository/org/springframework/spring-web/5.1.11.RELEASE/spring-web-5.1.11.RELEASE.jar:/root/.mvnrepository/org/springframework/spring-test/5.1.11.RELEASE/spring-test-5.1.11.RELEASE.jar:/root/.mvnrepository/org/springframework/boot/spring-boot-starter-test/2.1.10.RELEASE/spring-boot-starter-test-2.1.10.RELEASE.jar:/root/.mvnrepository/org/springframework/boot/spring-boot-starter/2.1.10.RELEASE/spring-boot-starter-2.1.10.RELEASE.jar:/root/.mvnrepository/org/springframework/boot/spring-boot-starter-logging/2.1.10.RELEASE/spring-boot-starter-logging-2.1.10.RELEASE.jar:/root/.mvnrepository/ch/qos/logback/logback-classic/1.2.3/logback-classic-1.2.3.jar:/root/.mvnrepository/ch/qos/logback/logback-core/1.2.3/logback-core-1.2.3.jar:/root/.mvnrepository/org/apache/logging/log4j/log4j-to-slf4j/2.11.2/log4j-to-slf4j-2.11.2.jar:/root/.mvnrepository/org/apache/logging/log4j/log4j-api/2.11.2/log4j-api-2.11.2.jar:/root/.mvnrepository/org/slf4j/jul-to-slf4j/1.7.29/jul-to-slf4j-1.7.29.jar:/root/.mvnrepository/javax/annotation/javax.annotation-api/1.3.2/javax.annotation-api-1.3.2.jar:/root/.mvnrepository/org/yaml/snakeyaml/1.23/snakeyaml-1.23.jar:/root/.mvnrepository/org/springframework/boot/spring-boot-test/2.1.10.RELEASE/spring-boot-test-2.1.10.RELEASE.jar:/root/.mvnrepository/org/springframework/boot/spring-boot-test-autoconfigure/2.1.10.RELEASE/spring-boot-test-autoconfigure-2.1.10.RELEASE.jar:/root/.mvnrepository/com/jayway/jsonpath/json-path/2.4.0/json-path-2.4.0.jar:/root/.mvnrepository/net/minidev/json-smart/2.3/json-smart-2.3.jar:/root/.mvnrepository/net/minidev/accessors-smart/1.2/accessors-smart-1.2.jar:/root/.mvnrepository/org/ow2/asm/asm/5.0.4/asm-5.0.4.jar:/root/.mvnrepository/org/slf4j/slf4j-api/1.7.29/slf4j-api-1.7.29.jar:/root/.mvnrepository/org/mockito/mockito-core/2.23.4/mockito-core-2.23.4.jar:/root/.mvnrepository/net/bytebuddy/byte-buddy/1.9.16/byte-buddy-1.9.16.jar:/root/.mvnrepository/net/bytebuddy/byte-buddy-agent/1.9.16/byte-buddy-agent-1.9.16.jar:/root/.mvnrepository/org/objenesis/objenesis/2.6/objenesis-2.6.jar:/root/.mvnrepository/org/hamcrest/hamcrest-library/1.3/hamcrest-library-1.3.jar:/root/.mvnrepository/org/skyscreamer/jsonassert/1.5.0/jsonassert-1.5.0.jar:/root/.mvnrepository/com/vaadin/external/google/android-json/0.0.20131108.vaadin1/android-json-0.0.20131108.vaadin1.jar:/root/.mvnrepository/org/xmlunit/xmlunit-core/2.6.3/xmlunit-core-2.6.3.jar:/root/.mvnrepository/javax/xml/bind/jaxb-api/2.3.1/jaxb-api-2.3.1.jar:/root/.mvnrepository/javax/activation/javax.activation-api/1.2.0/javax.activation-api-1.2.0.jar:/root/.mvnrepository/org/assertj/assertj-core/3.11.1/assertj-core-3.11.1.jar:"/>
    <property name="sun.cpu.endian" value="little"/>
    <property name="user.home" value="/root"/>
    <property name="user.language" value="en"/>
    <property name="java.specification.vendor" value="Oracle Corporation"/>
    <property name="java.version.date" value="2019-01-15"/>
    <property name="java.home" value="/usr/java"/>
    <property name="file.separator" value="/"/>
    <property name="basedir" value="/home/jenkins/agent/workspace/Activiti_Activiti_develop/activiti-core-common/activiti-spring-security"/>
    <property name="java.vm.compressedOopsMode" value="32-bit"/>
    <property name="line.separator" value="&#10;"/>
    <property name="java.specification.name" value="Java Platform API Specification"/>
    <property name="java.vm.specification.vendor" value="Oracle Corporation"/>
    <property name="java.awt.graphicsenv" value="sun.awt.X11GraphicsEnvironment"/>
    <property name="surefire.real.class.path" value="/home/jenkins/agent/workspace/Activiti_Activiti_develop/activiti-core-common/activiti-spring-security/target/surefire/surefirebooter15186673227614581156.jar"/>
    <property name="sun.management.compiler" value="HotSpot 64-Bit Tiered Compilers"/>
    <property name="java.runtime.version" value="11.0.2+9"/>
    <property name="user.name" value="root"/>
    <property name="path.separator" value=":"/>
    <property name="os.version" value="4.4.111+"/>
    <property name="java.runtime.name" value="OpenJDK Runtime Environment"/>
    <property name="file.encoding" value="UTF-8"/>
    <property name="sun.zip.disableMemoryMapping" value="true"/>
    <property name="java.vm.name" value="OpenJDK 64-Bit Server VM"/>
    <property name="java.vendor.version" value="18.9"/>
    <property name="localRepository" value="/root/.mvnrepository"/>
    <property name="java.vendor.url.bug" value="http://bugreport.java.com/bugreport/"/>
    <property name="java.io.tmpdir" value="/tmp"/>
    <property name="java.version" value="11.0.2"/>
    <property name="user.dir" value="/home/jenkins/agent/workspace/Activiti_Activiti_develop/activiti-core-common/activiti-spring-security"/>
    <property name="os.arch" value="amd64"/>
    <property name="java.vm.specification.name" value="Java Virtual Machine Specification"/>
    <property name="java.awt.printerjob" value="sun.print.PSPrinterJob"/>
    <property name="sun.os.patch.level" value="unknown"/>
    <property name="java.library.path" value="/usr/java/packages/lib:/usr/lib64:/lib64:/lib:/usr/lib"/>
    <property name="java.vendor" value="Oracle Corporation"/>
    <property name="java.vm.info" value="mixed mode"/>
    <property name="java.vm.version" value="11.0.2+9"/>
    <property name="sun.io.unicode.encoding" value="UnicodeLittle"/>
    <property name="java.class.version" value="55.0"/>
  </properties>
  <testcase name="testGetUserId" classname="org.activiti.core.common.spring.security.test.AuthenticationPrincipalIdentityProviderTest" time="0"/>
</testsuite>